<?xml version="1.0" encoding="UTF-8"?>
<testsuite name="StackTest" tests="1" skipped="0" failures="0" errors="0" timestamp="2022-03-15T09:07:38" hostname="tallgeese" time="0.015">
  <properties/>
  <testcase name="testStackPush" classname="StackTest" time="0.015"/>
  <system-out><![CDATA[]]></system-out>
  <system-err><![CDATA[]]></system-err>
</testsuite>
